app/build/intermediates/manifest_merge_blame_file/debug/manifest-merger-blame-debug-report.txt
1<?xml version="1.0" encoding="utf-8"?>
2<manifest xmlns:android="http://schemas.android.com/apk/res/android"
3    package="com.example.consumo"
4    android:versionCode="1"
5    android:versionName="1.0" >
6
7    <uses-sdk
8        android:minSdkVersion="24"
8-->src\main\AndroidManifest.xml
9        android:targetSdkVersion="33" />
9-->src\main\AndroidManifest.xml
10
11    <uses-permission android:name="android.permission.INTERNET" />
11-->src\main\AndroidManifest.xml:5:5-67
11-->src\main\AndroidManifest.xml:5:22-64
12
13    <!-- Include required permissions for Google Maps API to run. -->
14    <uses-permission android:name="android.permission.ACCESS_NETWORK_STATE" />
14-->[com.google.android.gms:play-services-maps:18.1.0] AndroidManifest.xml:23:5-79
14-->[com.google.android.gms:play-services-maps:18.1.0] AndroidManifest.xml:23:22-76
15
16    <uses-feature
16-->[com.google.android.gms:play-services-maps:18.1.0] AndroidManifest.xml:26:5-28:35
17        android:glEsVersion="0x00020000"
17-->[com.google.android.gms:play-services-maps:18.1.0] AndroidManifest.xml:27:9-41
18        android:required="true" />
18-->[com.google.android.gms:play-services-maps:18.1.0] AndroidManifest.xml:28:9-32
19
20    <queries>
20-->[com.google.android.gms:play-services-maps:18.1.0] AndroidManifest.xml:30:5-34:15
21
22        <!-- Needs to be explicitly declared on Android R+ -->
23        <package android:name="com.google.android.apps.maps" />
23-->[com.google.android.gms:play-services-maps:18.1.0] AndroidManifest.xml:33:9-64
23-->[com.google.android.gms:play-services-maps:18.1.0] AndroidManifest.xml:33:18-61
24    </queries>
25
26    <permission
26-->[androidx.core:core:1.9.0] AndroidManifest.xml:22:5-24:47
27        android:name="com.example.consumo.DYNAMIC_RECEIVER_NOT_EXPORTED_PERMISSION"
27-->[androidx.core:core:1.9.0] AndroidManifest.xml:23:9-81
28        android:protectionLevel="signature" />
28-->[androidx.core:core:1.9.0] AndroidManifest.xml:24:9-44
29
30    <uses-permission android:name="com.example.consumo.DYNAMIC_RECEIVER_NOT_EXPORTED_PERMISSION" />
30-->[androidx.core:core:1.9.0] AndroidManifest.xml:26:5-97
30-->[androidx.core:core:1.9.0] AndroidManifest.xml:26:22-94
31
32    <application
32-->src\main\AndroidManifest.xml:7:5-65:19
33        android:allowBackup="true"
33-->src\main\AndroidManifest.xml:8:9-35
34        android:appComponentFactory="androidx.core.app.CoreComponentFactory"
34-->[androidx.core:core:1.9.0] AndroidManifest.xml:28:18-86
35        android:dataExtractionRules="@xml/data_extraction_rules"
35-->src\main\AndroidManifest.xml:9:9-65
36        android:debuggable="true"
37        android:extractNativeLibs="false"
38        android:fullBackupContent="@xml/backup_rules"
38-->src\main\AndroidManifest.xml:10:9-54
39        android:icon="@mipmap/ic_launcher"
39-->src\main\AndroidManifest.xml:11:9-43
40        android:label="@string/app_name"
40-->src\main\AndroidManifest.xml:12:9-41
41        android:supportsRtl="true"
41-->src\main\AndroidManifest.xml:13:9-35
42        android:testOnly="true"
43        android:theme="@style/Theme.Consumo" >
43-->src\main\AndroidManifest.xml:14:9-45
44        <activity
44-->src\main\AndroidManifest.xml:16:9-18:40
45            android:name="com.example.consumo.MainActivity"
45-->src\main\AndroidManifest.xml:17:13-41
46            android:exported="false" />
46-->src\main\AndroidManifest.xml:18:13-37
47        <activity
47-->src\main\AndroidManifest.xml:19:9-21:40
48            android:name="com.example.consumo.ListarDatosActivity"
48-->src\main\AndroidManifest.xml:20:13-48
49            android:exported="false" />
49-->src\main\AndroidManifest.xml:21:13-37
50        <activity
50-->src\main\AndroidManifest.xml:22:9-24:40
51            android:name="com.example.consumo.SenaActivity"
51-->src\main\AndroidManifest.xml:23:13-41
52            android:exported="false" />
52-->src\main\AndroidManifest.xml:24:13-37
53        <activity
53-->src\main\AndroidManifest.xml:25:9-27:40
54            android:name="com.example.consumo.CaldasActivity"
54-->src\main\AndroidManifest.xml:26:13-43
55            android:exported="false" />
55-->src\main\AndroidManifest.xml:27:13-37
56        <activity
56-->src\main\AndroidManifest.xml:28:9-30:40
57            android:name="com.example.consumo.MenuMapsActivity"
57-->src\main\AndroidManifest.xml:29:13-45
58            android:exported="false" />
58-->src\main\AndroidManifest.xml:30:13-37
59        <activity
59-->src\main\AndroidManifest.xml:31:9-33:40
60            android:name="com.example.consumo.MorroActivity"
60-->src\main\AndroidManifest.xml:32:13-42
61            android:exported="false" />
61-->src\main\AndroidManifest.xml:33:13-37
62        <!--
63             TODO: Before you run your application, you need a Google Maps API key.
64
65             To get one, follow the directions here:
66
67                https://developers.google.com/maps/documentation/android-sdk/get-api-key
68
69             Once you have your API key (it starts with "AIza"), define a new property in your
70             project's local.properties file (e.g. MAPS_API_KEY=Aiza...), and replace the
71             "YOUR_API_KEY" string in this file with "${MAPS_API_KEY}".
72        -->
73        <meta-data
73-->src\main\AndroidManifest.xml:45:9-47:71
74            android:name="com.google.android.geo.API_KEY"
74-->src\main\AndroidManifest.xml:46:13-58
75            android:value="AIzaSyC162bg5xfftD66bXYjOR5aoyJ2rezey4A" />
75-->src\main\AndroidManifest.xml:47:13-68
76
77        <activity
77-->src\main\AndroidManifest.xml:49:9-52:59
78            android:name="com.example.consumo.MapsActivity"
78-->src\main\AndroidManifest.xml:50:13-41
79            android:exported="false"
79-->src\main\AndroidManifest.xml:51:13-37
80            android:label="@string/title_activity_maps" />
80-->src\main\AndroidManifest.xml:52:13-56
81        <activity
81-->src\main\AndroidManifest.xml:53:9-55:40
82            android:name="com.example.consumo.SdaTabla"
82-->src\main\AndroidManifest.xml:54:13-37
83            android:exported="false" />
83-->src\main\AndroidManifest.xml:55:13-37
84        <activity
84-->src\main\AndroidManifest.xml:56:9-64:20
85            android:name="com.example.consumo.apipokemon.MainActivitypokemon"
85-->src\main\AndroidManifest.xml:57:13-59
86            android:exported="true" >
86-->src\main\AndroidManifest.xml:58:13-36
87            <intent-filter>
87-->src\main\AndroidManifest.xml:59:13-63:29
88                <action android:name="android.intent.action.MAIN" />
88-->src\main\AndroidManifest.xml:60:17-69
88-->src\main\AndroidManifest.xml:60:25-66
89
90                <category android:name="android.intent.category.LAUNCHER" />
90-->src\main\AndroidManifest.xml:62:17-77
90-->src\main\AndroidManifest.xml:62:27-74
91            </intent-filter>
92        </activity>
93        <!-- Needs to be explicitly declared on P+ -->
94        <uses-library
94-->[com.google.android.gms:play-services-maps:18.1.0] AndroidManifest.xml:39:9-41:40
95            android:name="org.apache.http.legacy"
95-->[com.google.android.gms:play-services-maps:18.1.0] AndroidManifest.xml:40:13-50
96            android:required="false" />
96-->[com.google.android.gms:play-services-maps:18.1.0] AndroidManifest.xml:41:13-37
97
98        <activity
98-->[com.google.android.gms:play-services-base:18.0.1] AndroidManifest.xml:20:9-22:45
99            android:name="com.google.android.gms.common.api.GoogleApiActivity"
99-->[com.google.android.gms:play-services-base:18.0.1] AndroidManifest.xml:20:19-85
100            android:exported="false"
100-->[com.google.android.gms:play-services-base:18.0.1] AndroidManifest.xml:22:19-43
101            android:theme="@android:style/Theme.Translucent.NoTitleBar" />
101-->[com.google.android.gms:play-services-base:18.0.1] AndroidManifest.xml:21:19-78
102
103        <meta-data
103-->[com.google.android.gms:play-services-basement:18.0.0] AndroidManifest.xml:21:9-23:69
104            android:name="com.google.android.gms.version"
104-->[com.google.android.gms:play-services-basement:18.0.0] AndroidManifest.xml:22:13-58
105            android:value="@integer/google_play_services_version" />
105-->[com.google.android.gms:play-services-basement:18.0.0] AndroidManifest.xml:23:13-66
106
107        <provider
107-->[androidx.emoji2:emoji2:1.2.0] AndroidManifest.xml:24:9-32:20
108            android:name="androidx.startup.InitializationProvider"
108-->[androidx.emoji2:emoji2:1.2.0] AndroidManifest.xml:25:13-67
109            android:authorities="com.example.consumo.androidx-startup"
109-->[androidx.emoji2:emoji2:1.2.0] AndroidManifest.xml:26:13-68
110            android:exported="false" >
110-->[androidx.emoji2:emoji2:1.2.0] AndroidManifest.xml:27:13-37
111            <meta-data
111-->[androidx.emoji2:emoji2:1.2.0] AndroidManifest.xml:29:13-31:52
112                android:name="androidx.emoji2.text.EmojiCompatInitializer"
112-->[androidx.emoji2:emoji2:1.2.0] AndroidManifest.xml:30:17-75
113                android:value="androidx.startup" />
113-->[androidx.emoji2:emoji2:1.2.0] AndroidManifest.xml:31:17-49
114            <meta-data
114-->[androidx.lifecycle:lifecycle-process:2.4.1] AndroidManifest.xml:31:13-33:52
115                android:name="androidx.lifecycle.ProcessLifecycleInitializer"
115-->[androidx.lifecycle:lifecycle-process:2.4.1] AndroidManifest.xml:32:17-78
116                android:value="androidx.startup" />
116-->[androidx.lifecycle:lifecycle-process:2.4.1] AndroidManifest.xml:33:17-49
117        </provider>
118        <provider
118-->[com.squareup.picasso:picasso:2.71828] AndroidManifest.xml:8:9-11:40
119            android:name="com.squareup.picasso.PicassoProvider"
119-->[com.squareup.picasso:picasso:2.71828] AndroidManifest.xml:9:13-64
120            android:authorities="com.example.consumo.com.squareup.picasso"
120-->[com.squareup.picasso:picasso:2.71828] AndroidManifest.xml:10:13-72
121            android:exported="false" />
121-->[com.squareup.picasso:picasso:2.71828] AndroidManifest.xml:11:13-37
122    </application>
123
124</manifest>